[20:44:10] [main/INFO]: Environment: authHost='https://authserver.mojang.com', accountsHost='https://api.mojang.com', sessionHost='https://sessionserver.mojang.com', servicesHost='https://api.minecraftservices.com', name='PROD'
[20:44:10] [main/WARN]: Ambiguity between arguments [teleport, destination] and [teleport, targets] with inputs: [Player, 0123, @e, dd12be42-52a9-4a91-a8a1-11c01849e498]
[20:44:10] [main/WARN]: Ambiguity between arguments [teleport, location] and [teleport, destination] with inputs: [0.1 -0.5 .9, 0 0 0]
[20:44:10] [main/WARN]: Ambiguity between arguments [teleport, location] and [teleport, targets] with inputs: [0.1 -0.5 .9, 0 0 0]
[20:44:10] [main/WARN]: Ambiguity between arguments [teleport, targets] and [teleport, destination] with inputs: [Player, 0123, dd12be42-52a9-4a91-a8a1-11c01849e498]
[20:44:10] [main/WARN]: Ambiguity between arguments [teleport, targets, location] and [teleport, targets, destination] with inputs: [0.1 -0.5 .9, 0 0 0]
[20:44:10] [main/INFO]: Reloading ResourceManager: Default
[20:44:11] [Worker-Main-10/INFO]: Loaded 7 recipes
[20:44:12] [Worker-Main-10/INFO]: Loaded 927 advancements
[20:44:13] [Server thread/INFO]: Starting minecraft server version 1.16.4
[20:44:13] [Server thread/INFO]: Loading properties
[20:44:13] [Server thread/INFO]: Default game type: SURVIVAL
[20:44:13] [Server thread/INFO]: Generating keypair
[20:44:13] [Server thread/INFO]: Starting Minecraft server on *:25565
[20:44:13] [Server thread/INFO]: Using default channel type
[20:44:13] [Server thread/INFO]: Preparing level "world"
[20:44:13] [Server thread/INFO]: Preparing start region for dimension minecraft:overworld
[20:44:15] [Server thread/INFO]: Preparing spawn area: 0%
[20:44:15] [Server thread/INFO]: Preparing spawn area: 0%
[20:44:15] [Server thread/INFO]: Preparing spawn area: 0%
[20:44:15] [Server thread/INFO]: Preparing spawn area: 0%
[20:44:19] [Worker-Main-9/INFO]: Preparing spawn area: 83%
[20:44:19] [Worker-Main-8/INFO]: Preparing spawn area: 83%
[20:44:19] [Worker-Main-14/INFO]: Preparing spawn area: 83%
[20:44:19] [Worker-Main-14/INFO]: Preparing spawn area: 83%
[20:44:19] [Worker-Main-14/INFO]: Preparing spawn area: 83%
[20:44:19] [Worker-Main-14/INFO]: Preparing spawn area: 83%
[20:44:19] [Worker-Main-13/INFO]: Preparing spawn area: 83%
[20:44:19] [Worker-Main-11/INFO]: Preparing spawn area: 87%
[20:44:19] [Worker-Main-8/INFO]: Preparing spawn area: 87%
[20:44:20] [Worker-Main-12/INFO]: Preparing spawn area: 87%
[20:44:20] [Worker-Main-9/INFO]: Preparing spawn area: 87%
[20:44:21] [Worker-Main-10/INFO]: Preparing spawn area: 87%
[20:44:21] [Worker-Main-10/INFO]: Preparing spawn area: 90%
[20:44:22] [Worker-Main-9/INFO]: Preparing spawn area: 91%
[20:44:22] [Server thread/INFO]: Preparing spawn area: 98%
[20:44:23] [Server thread/INFO]: Time elapsed: 9132 ms
[20:44:23] [Server thread/INFO]: Done (9.212s)! For help, type "help"
